2022-10-31 23:02:00 [Winston Log] error: uncaughtException: Cannot find module './unitRouter'
Require stack:
- C:\Users\hwi\Desktop\dev\workspace\ForDD\server\src\router\index.ts
- C:\Users\hwi\Desktop\dev\workspace\ForDD\server\src\index.ts
Error: Cannot find module './unitRouter'
Require stack:
- C:\Users\hwi\Desktop\dev\workspace\ForDD\server\src\router\index.ts
- C:\Users\hwi\Desktop\dev\workspace\ForDD\server\src\index.ts
    at Function.Module._resolveFilename (node:internal/modules/cjs/loader:995:15)
    at Function.Module._resolveFilename.sharedData.moduleResolveFilenameHook.installedValue [as _resolveFilename] (C:\Users\hwi\AppData\Roaming\npm\node_modules\ts-node\node_modules\@cspotcode\source-map-support\source-map-support.js:811:30)
    at Function.Module._load (node:internal/modules/cjs/loader:841:27)
    at Module.require (node:internal/modules/cjs/loader:1061:19)
    at require (node:internal/modules/cjs/helpers:103:18)
    at Object.<anonymous> (C:\Users\hwi\Desktop\dev\workspace\ForDD\server\src\router\index.ts:3:1)
    at Module._compile (node:internal/modules/cjs/loader:1159:14)
    at Module.m._compile (C:\Users\hwi\AppData\Roaming\npm\node_modules\ts-node\src\index.ts:1618:23)
    at Module._extensions..js (node:internal/modules/cjs/loader:1213:10)
    at Object.require.extensions.<computed> [as .ts] (C:\Users\hwi\AppData\Roaming\npm\node_modules\ts-node\src\index.ts:1621:12)
2022-10-31 23:02:14 [Winston Log] error: uncaughtException: Router.use() requires a middleware function but got a Object
TypeError: Router.use() requires a middleware function but got a Object
    at Function.use (C:\Users\hwi\Desktop\dev\workspace\ForDD\server\node_modules\express\lib\router\index.js:469:13)
    at Object.<anonymous> (C:\Users\hwi\Desktop\dev\workspace\ForDD\server\src\router\index.ts:11:8)
    at Module._compile (node:internal/modules/cjs/loader:1159:14)
    at Module.m._compile (C:\Users\hwi\AppData\Roaming\npm\node_modules\ts-node\src\index.ts:1618:23)
    at Module._extensions..js (node:internal/modules/cjs/loader:1213:10)
    at Object.require.extensions.<computed> [as .ts] (C:\Users\hwi\AppData\Roaming\npm\node_modules\ts-node\src\index.ts:1621:12)
    at Module.load (node:internal/modules/cjs/loader:1037:32)
    at Function.Module._load (node:internal/modules/cjs/loader:878:12)
    at Module.require (node:internal/modules/cjs/loader:1061:19)
    at require (node:internal/modules/cjs/helpers:103:18)
2022-10-31 23:03:57 [Winston Log] error: uncaughtException: Cannot read properties of undefined (reading 'createUnit')
TypeError: Cannot read properties of undefined (reading 'createUnit')
    at Object.<anonymous> (C:\Users\hwi\Desktop\dev\workspace\ForDD\server\src\router\unitRouter.ts:6:33)
    at Module._compile (node:internal/modules/cjs/loader:1159:14)
    at Module.m._compile (C:\Users\hwi\AppData\Roaming\npm\node_modules\ts-node\src\index.ts:1618:23)
    at Module._extensions..js (node:internal/modules/cjs/loader:1213:10)
    at Object.require.extensions.<computed> [as .ts] (C:\Users\hwi\AppData\Roaming\npm\node_modules\ts-node\src\index.ts:1621:12)
    at Module.load (node:internal/modules/cjs/loader:1037:32)
    at Function.Module._load (node:internal/modules/cjs/loader:878:12)
    at Module.require (node:internal/modules/cjs/loader:1061:19)
    at require (node:internal/modules/cjs/helpers:103:18)
    at Object.<anonymous> (C:\Users\hwi\Desktop\dev\workspace\ForDD\server\src\router\index.ts:3:1)
2022-10-31 23:05:13 [Winston Log] error: uncaughtException: Cannot read properties of undefined (reading 'createUnitTitle')
TypeError: Cannot read properties of undefined (reading 'createUnitTitle')
    at Object.<anonymous> (C:\Users\hwi\Desktop\dev\workspace\ForDD\server\src\router\unitRouter.ts:6:33)
    at Module._compile (node:internal/modules/cjs/loader:1159:14)
    at Module.m._compile (C:\Users\hwi\AppData\Roaming\npm\node_modules\ts-node\src\index.ts:1618:23)
    at Module._extensions..js (node:internal/modules/cjs/loader:1213:10)
    at Object.require.extensions.<computed> [as .ts] (C:\Users\hwi\AppData\Roaming\npm\node_modules\ts-node\src\index.ts:1621:12)
    at Module.load (node:internal/modules/cjs/loader:1037:32)
    at Function.Module._load (node:internal/modules/cjs/loader:878:12)
    at Module.require (node:internal/modules/cjs/loader:1061:19)
    at require (node:internal/modules/cjs/helpers:103:18)
    at Object.<anonymous> (C:\Users\hwi\Desktop\dev\workspace\ForDD\server\src\router\index.ts:3:1)
2022-10-31 23:05:24 [Winston Log] error: uncaughtException: Cannot read properties of undefined (reading 'createUnitTitle')
TypeError: Cannot read properties of undefined (reading 'createUnitTitle')
    at Object.<anonymous> (C:\Users\hwi\Desktop\dev\workspace\ForDD\server\src\router\unitRouter.ts:6:33)
    at Module._compile (node:internal/modules/cjs/loader:1159:14)
    at Module.m._compile (C:\Users\hwi\AppData\Roaming\npm\node_modules\ts-node\src\index.ts:1618:23)
    at Module._extensions..js (node:internal/modules/cjs/loader:1213:10)
    at Object.require.extensions.<computed> [as .ts] (C:\Users\hwi\AppData\Roaming\npm\node_modules\ts-node\src\index.ts:1621:12)
    at Module.load (node:internal/modules/cjs/loader:1037:32)
    at Function.Module._load (node:internal/modules/cjs/loader:878:12)
    at Module.require (node:internal/modules/cjs/loader:1061:19)
    at require (node:internal/modules/cjs/helpers:103:18)
    at Object.<anonymous> (C:\Users\hwi\Desktop\dev\workspace\ForDD\server\src\router\index.ts:3:1)
2022-10-31 23:06:52 [Winston Log] error: uncaughtException: Cannot read properties of undefined (reading 'createUnitTitle')
TypeError: Cannot read properties of undefined (reading 'createUnitTitle')
    at Object.<anonymous> (C:\Users\hwi\Desktop\dev\workspace\ForDD\server\src\router\unitRouter.ts:6:33)
    at Module._compile (node:internal/modules/cjs/loader:1159:14)
    at Module.m._compile (C:\Users\hwi\AppData\Roaming\npm\node_modules\ts-node\src\index.ts:1618:23)
    at Module._extensions..js (node:internal/modules/cjs/loader:1213:10)
    at Object.require.extensions.<computed> [as .ts] (C:\Users\hwi\AppData\Roaming\npm\node_modules\ts-node\src\index.ts:1621:12)
    at Module.load (node:internal/modules/cjs/loader:1037:32)
    at Function.Module._load (node:internal/modules/cjs/loader:878:12)
    at Module.require (node:internal/modules/cjs/loader:1061:19)
    at require (node:internal/modules/cjs/helpers:103:18)
    at Object.<anonymous> (C:\Users\hwi\Desktop\dev\workspace\ForDD\server\src\router\index.ts:3:1)
2022-10-31 23:07:52 [Winston Log] error: uncaughtException: Cannot read properties of undefined (reading 'createUnitTitle')
TypeError: Cannot read properties of undefined (reading 'createUnitTitle')
    at Object.<anonymous> (C:\Users\hwi\Desktop\dev\workspace\ForDD\server\src\router\unitRouter.ts:6:33)
    at Module._compile (node:internal/modules/cjs/loader:1159:14)
    at Module.m._compile (C:\Users\hwi\AppData\Roaming\npm\node_modules\ts-node\src\index.ts:1618:23)
    at Module._extensions..js (node:internal/modules/cjs/loader:1213:10)
    at Object.require.extensions.<computed> [as .ts] (C:\Users\hwi\AppData\Roaming\npm\node_modules\ts-node\src\index.ts:1621:12)
    at Module.load (node:internal/modules/cjs/loader:1037:32)
    at Function.Module._load (node:internal/modules/cjs/loader:878:12)
    at Module.require (node:internal/modules/cjs/loader:1061:19)
    at require (node:internal/modules/cjs/helpers:103:18)
    at Object.<anonymous> (C:\Users\hwi\Desktop\dev\workspace\ForDD\server\src\router\index.ts:3:1)
2022-10-31 23:08:29 [Winston Log] error: uncaughtException: unitController is not defined
ReferenceError: unitController is not defined
    at Object.<anonymous> (C:\Users\hwi\Desktop\dev\workspace\ForDD\server\src\router\unitRouter.ts:6:18)
    at Module._compile (node:internal/modules/cjs/loader:1159:14)
    at Module.m._compile (C:\Users\hwi\AppData\Roaming\npm\node_modules\ts-node\src\index.ts:1618:23)
    at Module._extensions..js (node:internal/modules/cjs/loader:1213:10)
    at Object.require.extensions.<computed> [as .ts] (C:\Users\hwi\AppData\Roaming\npm\node_modules\ts-node\src\index.ts:1621:12)
    at Module.load (node:internal/modules/cjs/loader:1037:32)
    at Function.Module._load (node:internal/modules/cjs/loader:878:12)
    at Module.require (node:internal/modules/cjs/loader:1061:19)
    at require (node:internal/modules/cjs/helpers:103:18)
    at Object.<anonymous> (C:\Users\hwi\Desktop\dev\workspace\ForDD\server\src\router\index.ts:3:1)
2022-10-31 23:08:31 [Winston Log] error: uncaughtException: unitController is not defined
ReferenceError: unitController is not defined
    at Object.<anonymous> (C:\Users\hwi\Desktop\dev\workspace\ForDD\server\src\router\unitRouter.ts:6:18)
    at Module._compile (node:internal/modules/cjs/loader:1159:14)
    at Module.m._compile (C:\Users\hwi\AppData\Roaming\npm\node_modules\ts-node\src\index.ts:1618:23)
    at Module._extensions..js (node:internal/modules/cjs/loader:1213:10)
    at Object.require.extensions.<computed> [as .ts] (C:\Users\hwi\AppData\Roaming\npm\node_modules\ts-node\src\index.ts:1621:12)
    at Module.load (node:internal/modules/cjs/loader:1037:32)
    at Function.Module._load (node:internal/modules/cjs/loader:878:12)
    at Module.require (node:internal/modules/cjs/loader:1061:19)
    at require (node:internal/modules/cjs/helpers:103:18)
    at Object.<anonymous> (C:\Users\hwi\Desktop\dev\workspace\ForDD\server\src\router\index.ts:3:1)
2022-10-31 23:09:26 [Winston Log] error: uncaughtException: unitController is not defined
ReferenceError: unitController is not defined
    at Object.<anonymous> (C:\Users\hwi\Desktop\dev\workspace\ForDD\server\src\router\unitRouter.ts:6:18)
    at Module._compile (node:internal/modules/cjs/loader:1159:14)
    at Module.m._compile (C:\Users\hwi\AppData\Roaming\npm\node_modules\ts-node\src\index.ts:1618:23)
    at Module._extensions..js (node:internal/modules/cjs/loader:1213:10)
    at Object.require.extensions.<computed> [as .ts] (C:\Users\hwi\AppData\Roaming\npm\node_modules\ts-node\src\index.ts:1621:12)
    at Module.load (node:internal/modules/cjs/loader:1037:32)
    at Function.Module._load (node:internal/modules/cjs/loader:878:12)
    at Module.require (node:internal/modules/cjs/loader:1061:19)
    at require (node:internal/modules/cjs/helpers:103:18)
    at Object.<anonymous> (C:\Users\hwi\Desktop\dev\workspace\ForDD\server\src\router\index.ts:3:1)
2022-10-31 23:09:37 [Winston Log] error: uncaughtException: Cannot read properties of undefined (reading 'createUnitTitle')
TypeError: Cannot read properties of undefined (reading 'createUnitTitle')
    at Object.<anonymous> (C:\Users\hwi\Desktop\dev\workspace\ForDD\server\src\router\unitRouter.ts:6:38)
    at Module._compile (node:internal/modules/cjs/loader:1159:14)
    at Module.m._compile (C:\Users\hwi\AppData\Roaming\npm\node_modules\ts-node\src\index.ts:1618:23)
    at Module._extensions..js (node:internal/modules/cjs/loader:1213:10)
    at Object.require.extensions.<computed> [as .ts] (C:\Users\hwi\AppData\Roaming\npm\node_modules\ts-node\src\index.ts:1621:12)
    at Module.load (node:internal/modules/cjs/loader:1037:32)
    at Function.Module._load (node:internal/modules/cjs/loader:878:12)
    at Module.require (node:internal/modules/cjs/loader:1061:19)
    at require (node:internal/modules/cjs/helpers:103:18)
    at Object.<anonymous> (C:\Users\hwi\Desktop\dev\workspace\ForDD\server\src\router\index.ts:3:1)
2022-10-31 23:09:57 [Winston Log] error: uncaughtException: Cannot read properties of undefined (reading 'createUnitTitle')
TypeError: Cannot read properties of undefined (reading 'createUnitTitle')
    at Object.<anonymous> (C:\Users\hwi\Desktop\dev\workspace\ForDD\server\src\router\unitRouter.ts:6:38)
    at Module._compile (node:internal/modules/cjs/loader:1159:14)
    at Module.m._compile (C:\Users\hwi\AppData\Roaming\npm\node_modules\ts-node\src\index.ts:1618:23)
    at Module._extensions..js (node:internal/modules/cjs/loader:1213:10)
    at Object.require.extensions.<computed> [as .ts] (C:\Users\hwi\AppData\Roaming\npm\node_modules\ts-node\src\index.ts:1621:12)
    at Module.load (node:internal/modules/cjs/loader:1037:32)
    at Function.Module._load (node:internal/modules/cjs/loader:878:12)
    at Module.require (node:internal/modules/cjs/loader:1061:19)
    at require (node:internal/modules/cjs/helpers:103:18)
    at Object.<anonymous> (C:\Users\hwi\Desktop\dev\workspace\ForDD\server\src\router\index.ts:3:1)
2022-10-31 23:12:28 [Winston Log] error: uncaughtException: Cannot read properties of undefined (reading 'createUnitTitle')
TypeError: Cannot read properties of undefined (reading 'createUnitTitle')
    at Object.<anonymous> (C:\Users\hwi\Desktop\dev\workspace\ForDD\server\src\router\unitRouter.ts:6:38)
    at Module._compile (node:internal/modules/cjs/loader:1159:14)
    at Module.m._compile (C:\Users\hwi\AppData\Roaming\npm\node_modules\ts-node\src\index.ts:1618:23)
    at Module._extensions..js (node:internal/modules/cjs/loader:1213:10)
    at Object.require.extensions.<computed> [as .ts] (C:\Users\hwi\AppData\Roaming\npm\node_modules\ts-node\src\index.ts:1621:12)
    at Module.load (node:internal/modules/cjs/loader:1037:32)
    at Function.Module._load (node:internal/modules/cjs/loader:878:12)
    at Module.require (node:internal/modules/cjs/loader:1061:19)
    at require (node:internal/modules/cjs/helpers:103:18)
    at Object.<anonymous> (C:\Users\hwi\Desktop\dev\workspace\ForDD\server\src\router\index.ts:3:1)
2022-10-31 23:13:16 [Winston Log] error: uncaughtException: Cannot read properties of undefined (reading 'createUnitTitle')
TypeError: Cannot read properties of undefined (reading 'createUnitTitle')
    at Object.<anonymous> (C:\Users\hwi\Desktop\dev\workspace\ForDD\server\src\router\unitRouter.ts:6:38)
    at Module._compile (node:internal/modules/cjs/loader:1159:14)
    at Module.m._compile (C:\Users\hwi\AppData\Roaming\npm\node_modules\ts-node\src\index.ts:1618:23)
    at Module._extensions..js (node:internal/modules/cjs/loader:1213:10)
    at Object.require.extensions.<computed> [as .ts] (C:\Users\hwi\AppData\Roaming\npm\node_modules\ts-node\src\index.ts:1621:12)
    at Module.load (node:internal/modules/cjs/loader:1037:32)
    at Function.Module._load (node:internal/modules/cjs/loader:878:12)
    at Module.require (node:internal/modules/cjs/loader:1061:19)
    at require (node:internal/modules/cjs/helpers:103:18)
    at Object.<anonymous> (C:\Users\hwi\Desktop\dev\workspace\ForDD\server\src\router\index.ts:3:1)
2022-10-31 23:13:22 [Winston Log] error: uncaughtException: Cannot read properties of undefined (reading 'createUnitTitle')
TypeError: Cannot read properties of undefined (reading 'createUnitTitle')
    at Object.<anonymous> (C:\Users\hwi\Desktop\dev\workspace\ForDD\server\src\router\unitRouter.ts:6:38)
    at Module._compile (node:internal/modules/cjs/loader:1159:14)
    at Module.m._compile (C:\Users\hwi\AppData\Roaming\npm\node_modules\ts-node\src\index.ts:1618:23)
    at Module._extensions..js (node:internal/modules/cjs/loader:1213:10)
    at Object.require.extensions.<computed> [as .ts] (C:\Users\hwi\AppData\Roaming\npm\node_modules\ts-node\src\index.ts:1621:12)
    at Module.load (node:internal/modules/cjs/loader:1037:32)
    at Function.Module._load (node:internal/modules/cjs/loader:878:12)
    at Module.require (node:internal/modules/cjs/loader:1061:19)
    at require (node:internal/modules/cjs/helpers:103:18)
    at Object.<anonymous> (C:\Users\hwi\Desktop\dev\workspace\ForDD\server\src\router\index.ts:3:1)
2022-10-31 23:13:59 [Winston Log] error: uncaughtException: Cannot read properties of undefined (reading 'createUnitTitle')
TypeError: Cannot read properties of undefined (reading 'createUnitTitle')
    at Object.<anonymous> (C:\Users\hwi\Desktop\dev\workspace\ForDD\server\src\router\unitRouter.ts:6:38)
    at Module._compile (node:internal/modules/cjs/loader:1159:14)
    at Module.m._compile (C:\Users\hwi\AppData\Roaming\npm\node_modules\ts-node\src\index.ts:1618:23)
    at Module._extensions..js (node:internal/modules/cjs/loader:1213:10)
    at Object.require.extensions.<computed> [as .ts] (C:\Users\hwi\AppData\Roaming\npm\node_modules\ts-node\src\index.ts:1621:12)
    at Module.load (node:internal/modules/cjs/loader:1037:32)
    at Function.Module._load (node:internal/modules/cjs/loader:878:12)
    at Module.require (node:internal/modules/cjs/loader:1061:19)
    at require (node:internal/modules/cjs/helpers:103:18)
    at Object.<anonymous> (C:\Users\hwi\Desktop\dev\workspace\ForDD\server\src\router\index.ts:3:1)
2022-10-31 23:14:33 [Winston Log] error: uncaughtException: Cannot read properties of undefined (reading 'createUnitTitle')
TypeError: Cannot read properties of undefined (reading 'createUnitTitle')
    at Object.<anonymous> (C:\Users\hwi\Desktop\dev\workspace\ForDD\server\src\router\unitRouter.ts:6:38)
    at Module._compile (node:internal/modules/cjs/loader:1159:14)
    at Module.m._compile (C:\Users\hwi\AppData\Roaming\npm\node_modules\ts-node\src\index.ts:1618:23)
    at Module._extensions..js (node:internal/modules/cjs/loader:1213:10)
    at Object.require.extensions.<computed> [as .ts] (C:\Users\hwi\AppData\Roaming\npm\node_modules\ts-node\src\index.ts:1621:12)
    at Module.load (node:internal/modules/cjs/loader:1037:32)
    at Function.Module._load (node:internal/modules/cjs/loader:878:12)
    at Module.require (node:internal/modules/cjs/loader:1061:19)
    at require (node:internal/modules/cjs/helpers:103:18)
    at Object.<anonymous> (C:\Users\hwi\Desktop\dev\workspace\ForDD\server\src\router\index.ts:3:1)
2022-10-31 23:14:40 [Winston Log] error: uncaughtException: Cannot read properties of undefined (reading 'createUnitTitle')
TypeError: Cannot read properties of undefined (reading 'createUnitTitle')
    at Object.<anonymous> (C:\Users\hwi\Desktop\dev\workspace\ForDD\server\src\router\unitRouter.ts:6:38)
    at Module._compile (node:internal/modules/cjs/loader:1159:14)
    at Module.m._compile (C:\Users\hwi\AppData\Roaming\npm\node_modules\ts-node\src\index.ts:1618:23)
    at Module._extensions..js (node:internal/modules/cjs/loader:1213:10)
    at Object.require.extensions.<computed> [as .ts] (C:\Users\hwi\AppData\Roaming\npm\node_modules\ts-node\src\index.ts:1621:12)
    at Module.load (node:internal/modules/cjs/loader:1037:32)
    at Function.Module._load (node:internal/modules/cjs/loader:878:12)
    at Module.require (node:internal/modules/cjs/loader:1061:19)
    at require (node:internal/modules/cjs/helpers:103:18)
    at Object.<anonymous> (C:\Users\hwi\Desktop\dev\workspace\ForDD\server\src\router\index.ts:3:1)
2022-10-31 23:15:18 [Winston Log] error: uncaughtException: Route.get() requires a callback function but got a [object Undefined]
Error: Route.get() requires a callback function but got a [object Undefined]
    at Route.<computed> [as get] (C:\Users\hwi\Desktop\dev\workspace\ForDD\server\node_modules\express\lib\router\route.js:211:15)
    at Function.proto.<computed> [as get] (C:\Users\hwi\Desktop\dev\workspace\ForDD\server\node_modules\express\lib\router\index.js:521:19)
    at Object.<anonymous> (C:\Users\hwi\Desktop\dev\workspace\ForDD\server\src\router\unitRouter.ts:8:8)
    at Module._compile (node:internal/modules/cjs/loader:1159:14)
    at Module.m._compile (C:\Users\hwi\AppData\Roaming\npm\node_modules\ts-node\src\index.ts:1618:23)
    at Module._extensions..js (node:internal/modules/cjs/loader:1213:10)
    at Object.require.extensions.<computed> [as .ts] (C:\Users\hwi\AppData\Roaming\npm\node_modules\ts-node\src\index.ts:1621:12)
    at Module.load (node:internal/modules/cjs/loader:1037:32)
    at Function.Module._load (node:internal/modules/cjs/loader:878:12)
    at Module.require (node:internal/modules/cjs/loader:1061:19)
2022-10-31 23:46:44 [Winston Log] error: uncaughtException: res.status is not a function
TypeError: res.status is not a function
    at C:\Users\hwi\Desktop\dev\workspace\ForDD\server\src\controllers\unitTitleController.ts:49:13
    at Generator.next (<anonymous>)
    at fulfilled (C:\Users\hwi\Desktop\dev\workspace\ForDD\server\src\controllers\unitTitleController.ts:5:58)
    at processTicksAndRejections (node:internal/process/task_queues:95:5)
2022-10-31 23:53:54 [Winston Log] error: uncaughtException: res.status is not a function
TypeError: res.status is not a function
    at C:\Users\hwi\Desktop\dev\workspace\ForDD\server\src\controllers\unitTitleController.ts:49:13
    at Generator.next (<anonymous>)
    at fulfilled (C:\Users\hwi\Desktop\dev\workspace\ForDD\server\src\controllers\unitTitleController.ts:5:58)
    at processTicksAndRejections (node:internal/process/task_queues:95:5)
2022-10-31 23:58:38 [Winston Log] error: uncaughtException: res.status is not a function
TypeError: res.status is not a function
    at C:\Users\hwi\Desktop\dev\workspace\ForDD\server\src\controllers\unitTitleController.ts:49:13
    at Generator.throw (<anonymous>)
    at rejected (C:\Users\hwi\Desktop\dev\workspace\ForDD\server\src\controllers\unitTitleController.ts:6:65)
    at processTicksAndRejections (node:internal/process/task_queues:95:5)
